  NETCAT.C
h:\github\nc\zzwnc\zzwnc\netcat.c(87): warning C4005: “EADDRINUSE”: 宏重定义
  c:\program files (x86)\windows kits\10\include\10.0.10240.0\ucrt\errno.h(84): note: 参见“EADDRINUSE”的前一个定义
h:\github\nc\zzwnc\zzwnc\netcat.c(88): warning C4005: “ETIMEDOUT”: 宏重定义
  c:\program files (x86)\windows kits\10\include\10.0.10240.0\ucrt\errno.h(122): note: 参见“ETIMEDOUT”的前一个定义
h:\github\nc\zzwnc\zzwnc\netcat.c(89): warning C4005: “ECONNREFUSED”: 宏重定义
  c:\program files (x86)\windows kits\10\include\10.0.10240.0\ucrt\errno.h(91): note: 参见“ECONNREFUSED”的前一个定义
h:\github\nc\zzwnc\zzwnc\netcat.c(362): warning C4996: '_sleep': This function or variable has been superceded by newer library or operating system functionality. Consider using Sleep instead. See online help for details.
  c:\program files (x86)\windows kits\10\include\10.0.10240.0\ucrt\stdlib.h(1266): note: 参见“_sleep”的声明
h:\github\nc\zzwnc\zzwnc\netcat.c(483): warning C4996: 'strcmpi': The POSIX name for this item is deprecated. Instead, use the ISO C and C++ conformant name: _strcmpi. See online help for details.
  c:\program files (x86)\windows kits\10\include\10.0.10240.0\ucrt\string.h(562): note: 参见“strcmpi”的声明
h:\github\nc\zzwnc\zzwnc\netcat.c(533): warning C4996: 'strcpy': This function or variable may be unsafe. Consider using strcpy_s instead. To disable deprecation, use _CRT_SECURE_NO_WARNINGS. See online help for details.
  c:\program files (x86)\windows kits\10\include\10.0.10240.0\ucrt\string.h(119): note: 参见“strcpy”的声明
h:\github\nc\zzwnc\zzwnc\netcat.c(545): warning C4996: 'strncpy': This function or variable may be unsafe. Consider using strncpy_s instead. To disable deprecation, use _CRT_SECURE_NO_WARNINGS. See online help for details.
  c:\program files (x86)\windows kits\10\include\10.0.10240.0\ucrt\string.h(346): note: 参见“strncpy”的声明
h:\github\nc\zzwnc\zzwnc\netcat.c(548): warning C4996: 'strncpy': This function or variable may be unsafe. Consider using strncpy_s instead. To disable deprecation, use _CRT_SECURE_NO_WARNINGS. See online help for details.
  c:\program files (x86)\windows kits\10\include\10.0.10240.0\ucrt\string.h(346): note: 参见“strncpy”的声明
h:\github\nc\zzwnc\zzwnc\netcat.c(567): warning C4996: 'strncpy': This function or variable may be unsafe. Consider using strncpy_s instead. To disable deprecation, use _CRT_SECURE_NO_WARNINGS. See online help for details.
  c:\program files (x86)\windows kits\10\include\10.0.10240.0\ucrt\string.h(346): note: 参见“strncpy”的声明
h:\github\nc\zzwnc\zzwnc\netcat.c(577): warning C4996: 'strncpy': This function or variable may be unsafe. Consider using strncpy_s instead. To disable deprecation, use _CRT_SECURE_NO_WARNINGS. See online help for details.
  c:\program files (x86)\windows kits\10\include\10.0.10240.0\ucrt\string.h(346): note: 参见“strncpy”的声明
h:\github\nc\zzwnc\zzwnc\netcat.c(634): warning C4996: 'strncpy': This function or variable may be unsafe. Consider using strncpy_s instead. To disable deprecation, use _CRT_SECURE_NO_WARNINGS. See online help for details.
  c:\program files (x86)\windows kits\10\include\10.0.10240.0\ucrt\string.h(346): note: 参见“strncpy”的声明
h:\github\nc\zzwnc\zzwnc\netcat.c(653): warning C4996: 'strncpy': This function or variable may be unsafe. Consider using strncpy_s instead. To disable deprecation, use _CRT_SECURE_NO_WARNINGS. See online help for details.
  c:\program files (x86)\windows kits\10\include\10.0.10240.0\ucrt\string.h(346): note: 参见“strncpy”的声明
h:\github\nc\zzwnc\zzwnc\netcat.c(675): warning C4996: 'sprintf': This function or variable may be unsafe. Consider using sprintf_s instead. To disable deprecation, use _CRT_SECURE_NO_WARNINGS. See online help for details.
  c:\program files (x86)\windows kits\10\include\10.0.10240.0\ucrt\stdio.h(1769): note: 参见“sprintf”的声明
h:\github\nc\zzwnc\zzwnc\netcat.c(809): warning C4996: 'dup': The POSIX name for this item is deprecated. Instead, use the ISO C and C++ conformant name: _dup. See online help for details.
  c:\program files (x86)\windows kits\10\include\10.0.10240.0\ucrt\corecrt_io.h(468): note: 参见“dup”的声明
h:\github\nc\zzwnc\zzwnc\netcat.c(849): warning C4996: '_sleep': This function or variable has been superceded by newer library or operating system functionality. Consider using Sleep instead. See online help for details.
  c:\program files (x86)\windows kits\10\include\10.0.10240.0\ucrt\stdlib.h(1266): note: 参见“_sleep”的声明
h:\github\nc\zzwnc\zzwnc\netcat.c(1003): warning C4996: 'strcpy': This function or variable may be unsafe. Consider using strcpy_s instead. To disable deprecation, use _CRT_SECURE_NO_WARNINGS. See online help for details.
  c:\program files (x86)\windows kits\10\include\10.0.10240.0\ucrt\string.h(119): note: 参见“strcpy”的声明
h:\github\nc\zzwnc\zzwnc\netcat.c(1005): warning C4996: 'strcat': This function or variable may be unsafe. Consider using strcat_s instead. To disable deprecation, use _CRT_SECURE_NO_WARNINGS. See online help for details.
  c:\program files (x86)\windows kits\10\include\10.0.10240.0\ucrt\string.h(90): note: 参见“strcat”的声明
h:\github\nc\zzwnc\zzwnc\netcat.c(1007): warning C4996: 'strcat': This function or variable may be unsafe. Consider using strcat_s instead. To disable deprecation, use _CRT_SECURE_NO_WARNINGS. See online help for details.
  c:\program files (x86)\windows kits\10\include\10.0.10240.0\ucrt\string.h(90): note: 参见“strcat”的声明
h:\github\nc\zzwnc\zzwnc\netcat.c(1008): warning C4996: 'strcat': This function or variable may be unsafe. Consider using strcat_s instead. To disable deprecation, use _CRT_SECURE_NO_WARNINGS. See online help for details.
  c:\program files (x86)\windows kits\10\include\10.0.10240.0\ucrt\string.h(90): note: 参见“strcat”的声明
h:\github\nc\zzwnc\zzwnc\netcat.c(1107): warning C4996: 'strcpy': This function or variable may be unsafe. Consider using strcpy_s instead. To disable deprecation, use _CRT_SECURE_NO_WARNINGS. See online help for details.
  c:\program files (x86)\windows kits\10\include\10.0.10240.0\ucrt\string.h(119): note: 参见“strcpy”的声明
h:\github\nc\zzwnc\zzwnc\netcat.c(1119): warning C4996: 'strcpy': This function or variable may be unsafe. Consider using strcpy_s instead. To disable deprecation, use _CRT_SECURE_NO_WARNINGS. See online help for details.
  c:\program files (x86)\windows kits\10\include\10.0.10240.0\ucrt\string.h(119): note: 参见“strcpy”的声明
h:\github\nc\zzwnc\zzwnc\netcat.c(1172): warning C4996: '_sleep': This function or variable has been superceded by newer library or operating system functionality. Consider using Sleep instead. See online help for details.
  c:\program files (x86)\windows kits\10\include\10.0.10240.0\ucrt\stdlib.h(1266): note: 参见“_sleep”的声明
h:\github\nc\zzwnc\zzwnc\netcat.c(1269): warning C4996: 'sprintf': This function or variable may be unsafe. Consider using sprintf_s instead. To disable deprecation, use _CRT_SECURE_NO_WARNINGS. See online help for details.
  c:\program files (x86)\windows kits\10\include\10.0.10240.0\ucrt\stdio.h(1769): note: 参见“sprintf”的声明
h:\github\nc\zzwnc\zzwnc\netcat.c(1292): warning C4996: 'write': The POSIX name for this item is deprecated. Instead, use the ISO C and C++ conformant name: _write. See online help for details.
  c:\program files (x86)\windows kits\10\include\10.0.10240.0\ucrt\corecrt_io.h(556): note: 参见“write”的声明
h:\github\nc\zzwnc\zzwnc\netcat.c(1541): warning C4013: “gets”未定义；假设外部返回 int
h:\github\nc\zzwnc\zzwnc\netcat.c(1409): warning C4996: 'close': The POSIX name for this item is deprecated. Instead, use the ISO C and C++ conformant name: _close. See online help for details.
  c:\program files (x86)\windows kits\10\include\10.0.10240.0\ucrt\corecrt_io.h(457): note: 参见“close”的声明
h:\github\nc\zzwnc\zzwnc\netcat.c(1414): warning C4996: '_sleep': This function or variable has been superceded by newer library or operating system functionality. Consider using Sleep instead. See online help for details.
  c:\program files (x86)\windows kits\10\include\10.0.10240.0\ucrt\stdlib.h(1266): note: 参见“_sleep”的声明
h:\github\nc\zzwnc\zzwnc\netcat.c(1539): warning C4996: 'kbhit': The POSIX name for this item is deprecated. Instead, use the ISO C and C++ conformant name: _kbhit. See online help for details.
  c:\program files (x86)\windows kits\10\include\10.0.10240.0\ucrt\conio.h(458): note: 参见“kbhit”的声明
h:\github\nc\zzwnc\zzwnc\netcat.c(1542): warning C4996: 'strcat': This function or variable may be unsafe. Consider using strcat_s instead. To disable deprecation, use _CRT_SECURE_NO_WARNINGS. See online help for details.
  c:\program files (x86)\windows kits\10\include\10.0.10240.0\ucrt\string.h(90): note: 参见“strcat”的声明
h:\github\nc\zzwnc\zzwnc\netcat.c(1550): warning C4996: 'close': The POSIX name for this item is deprecated. Instead, use the ISO C and C++ conformant name: _close. See online help for details.
  c:\program files (x86)\windows kits\10\include\10.0.10240.0\ucrt\corecrt_io.h(457): note: 参见“close”的声明
h:\github\nc\zzwnc\zzwnc\netcat.c(1555): warning C4996: 'read': The POSIX name for this item is deprecated. Instead, use the ISO C and C++ conformant name: _read. See online help for details.
  c:\program files (x86)\windows kits\10\include\10.0.10240.0\ucrt\corecrt_io.h(521): note: 参见“read”的声明
h:\github\nc\zzwnc\zzwnc\netcat.c(1557): warning C4996: 'close': The POSIX name for this item is deprecated. Instead, use the ISO C and C++ conformant name: _close. See online help for details.
  c:\program files (x86)\windows kits\10\include\10.0.10240.0\ucrt\corecrt_io.h(457): note: 参见“close”的声明
h:\github\nc\zzwnc\zzwnc\netcat.c(1565): warning C4996: 'close': The POSIX name for this item is deprecated. Instead, use the ISO C and C++ conformant name: _close. See online help for details.
  c:\program files (x86)\windows kits\10\include\10.0.10240.0\ucrt\corecrt_io.h(457): note: 参见“close”的声明
h:\github\nc\zzwnc\zzwnc\netcat.c(1587): warning C4996: 'write': The POSIX name for this item is deprecated. Instead, use the ISO C and C++ conformant name: _write. See online help for details.
  c:\program files (x86)\windows kits\10\include\10.0.10240.0\ucrt\corecrt_io.h(556): note: 参见“write”的声明
h:\github\nc\zzwnc\zzwnc\netcat.c(1615): warning C4996: '_sleep': This function or variable has been superceded by newer library or operating system functionality. Consider using Sleep instead. See online help for details.
  c:\program files (x86)\windows kits\10\include\10.0.10240.0\ucrt\stdlib.h(1266): note: 参见“_sleep”的声明
h:\github\nc\zzwnc\zzwnc\netcat.c(1848): warning C4244: “函数”: 从“time_t”转换到“unsigned int”，可能丢失数据
h:\github\nc\zzwnc\zzwnc\netcat.c(1706): warning C4996: 'read': The POSIX name for this item is deprecated. Instead, use the ISO C and C++ conformant name: _read. See online help for details.
  c:\program files (x86)\windows kits\10\include\10.0.10240.0\ucrt\corecrt_io.h(521): note: 参见“read”的声明
h:\github\nc\zzwnc\zzwnc\netcat.c(1859): warning C4996: 'open': The POSIX name for this item is deprecated. Instead, use the ISO C and C++ conformant name: _open. See online help for details.
  c:\program files (x86)\windows kits\10\include\10.0.10240.0\ucrt\corecrt_io.h(514): note: 参见“open”的声明
h:\github\nc\zzwnc\zzwnc\netcat.c(1998): warning C4996: '_sleep': This function or variable has been superceded by newer library or operating system functionality. Consider using Sleep instead. See online help for details.
  c:\program files (x86)\windows kits\10\include\10.0.10240.0\ucrt\stdlib.h(1266): note: 参见“_sleep”的声明
  getopt.c
  doexec.c
  正在生成代码...
  zzwNc.vcxproj -> H:\GitHub\nc\zzwNc\Debug\zzwNc.exe
  zzwNc.vcxproj -> H:\GitHub\nc\zzwNc\Debug\zzwNc.pdb (Full PDB)
